#
# A fatal error has been detected by the Java Runtime Environment:
#
#  Internal Error (sharedRuntime.cpp:837), pid=9644, tid=0x0000000000000a40
#  fatal error: exception happened outside interpreter, nmethods and vtable stubs at pc 0x000000000268cb76
#
# JRE version: OpenJDK Runtime Environment (8.0_242-b01) (build 1.8.0_242-release-1644-b01)
# Java VM: OpenJDK 64-Bit Server VM (25.242-b01 mixed mode windows-amd64 compressed oops)
# Failed to write core dump. Minidumps are not enabled by default on client versions of Windows
#
# If you would like to submit a bug report, please visit:
#   
#

---------------  T H R E A D  ---------------

Current thread (0x000000001ac91800):  JavaThread "Daemon worker" [_thread_in_Java, id=2624, stack(0x000000001c930000,0x000000001ca30000)]

Stack: [0x000000001c930000,0x000000001ca30000]
[error occurred during error reporting (printing stack bounds), id 0xe0000000]

Native frames: (J=compiled Java code, j=interpreted, Vv=VM code, C=native code)


---------------  P R O C E S S  ---------------

Java Threads: ( => current thread )
  0x000000001afcc000 JavaThread "Cache worker for file hash cache (C:\Users\hp\.gradle\caches\6.5\fileHashes)" [_thread_blocked, id=3500, stack(0x000000001d130000,0x000000001d230000)]
  0x000000001afd0000 JavaThread "File lock request listener" [_thread_in_native, id=3196, stack(0x000000001d030000,0x000000001d130000)]
  0x000000001afe2800 JavaThread "Cache worker for journal cache (C:\Users\hp\.gradle\caches\journal-1)" [_thread_blocked, id=1280, stack(0x000000001cf30000,0x000000001d030000)]
  0x000000001ae15800 JavaThread "Thread-9" [_thread_blocked, id=6208, stack(0x000000001cc30000,0x000000001cd30000)]
  0x000000001ad06000 JavaThread "Stdin handler" [_thread_blocked, id=4988, stack(0x000000001cb30000,0x000000001cc30000)]
  0x000000001ad01800 JavaThread "Asynchronous log dispatcher for DefaultDaemonConnection: socket connection from /127.0.0.1:49976 to /127.0.0.1:49977" [_thread_blocked, id=964, stack(0x000000001ca30000,0x000000001cb30000)]
=>0x000000001ac91800 JavaThread "Daemon worker" [_thread_in_Java, id=2624, stack(0x000000001c930000,0x000000001ca30000)]
  0x000000001ac90800 JavaThread "Cancel handler" [_thread_blocked, id=608, stack(0x000000001c830000,0x000000001c930000)]
  0x000000001acaf000 JavaThread "Handler for socket connection from /127.0.0.1:49976 to /127.0.0.1:49977" [_thread_in_native, id=8832, stack(0x000000001c530000,0x000000001c630000)]
  0x000000001acac000 JavaThread "Daemon" [_thread_blocked, id=7752, stack(0x000000001c430000,0x000000001c530000)]
  0x000000001ac6e800 JavaThread "Daemon periodic checks" [_thread_blocked, id=7668, stack(0x000000001c330000,0x000000001c430000)]
  0x000000001ac0f800 JavaThread "Incoming local TCP Connector on port 49976" [_thread_in_native, id=8700, stack(0x000000001c0f0000,0x000000001c1f0000)]
  0x000000001914e000 JavaThread "Daemon health stats" [_thread_blocked, id=6700, stack(0x000000001bab0000,0x000000001bbb0000)]
  0x0000000018b3e000 JavaThread "Service Thread" daemon [_thread_blocked, id=9628, stack(0x0000000018f10000,0x0000000019010000)]
  0x00000000171bd000 JavaThread "C1 CompilerThread2" daemon [_thread_blocked, id=7376, stack(0x0000000018a10000,0x0000000018b10000)]
  0x00000000171b9800 JavaThread "C2 CompilerThread1" daemon [_thread_in_native, id=8156, stack(0x0000000018910000,0x0000000018a10000)]
  0x00000000171b5800 JavaThread "C2 CompilerThread0" daemon [_thread_in_native, id=5816, stack(0x0000000018810000,0x0000000018910000)]
  0x00000000171b4800 JavaThread "Attach Listener" daemon [_thread_blocked, id=6228, stack(0x0000000018710000,0x0000000018810000)]
  0x00000000171b0000 JavaThread "Signal Dispatcher" daemon [_thread_blocked, id=1088, stack(0x0000000018610000,0x0000000018710000)]
  0x000000000258b000 JavaThread "Finalizer" daemon [_thread_blocked, id=8596, stack(0x0000000018410000,0x0000000018510000)]
  0x0000000017199000 JavaThread "Reference Handler" daemon [_thread_blocked, id=8616, stack(0x0000000018310000,0x0000000018410000)]
  0x000000000248d800 JavaThread "main" [_thread_blocked, id=4080, stack(0x0000000002350000,0x0000000002450000)]

Other Threads:
  0x0000000017176000 VMThread [stack: 0x0000000018210000,0x0000000018310000] [id=5928]
  0x0000000018b41800 WatcherThread [stack: 0x0000000019010000,0x0000000019110000] [id=7696]

VM state:not at safepoint (normal execution)

VM Mutex/Monitor currently owned by a thread: None

heap address: 0x0000000080000000, size: 2048 MB, Compressed Oops mode: 32-bit
Narrow klass base: 0x0000000000000000, Narrow klass shift: 3
Compressed class space size: 1073741824 Address: 0x0000000100000000

Heap:
 PSYoungGen      total 38400K, used 34823K [0x00000000d5580000, 0x00000000da080000, 0x0000000100000000)
  eden space 33280K, 89% used [0x00000000d5580000,0x00000000d72837d8,0x00000000d7600000)
  from space 5120K, 99% used [0x00000000d7b00000,0x00000000d7ffe768,0x00000000d8000000)
  to   space 5120K, 0% used [0x00000000d7600000,0x00000000d7600000,0x00000000d7b00000)
 ParOldGen       total 87552K, used 3535K [0x0000000080000000, 0x0000000085580000, 0x00000000d5580000)
  object space 87552K, 4% used [0x0000000080000000,0x0000000080373d90,0x0000000085580000)
 Metaspace       used 17582K, capacity 18228K, committed 18560K, reserved 1064960K
  class space    used 2408K, capacity 2628K, committed 2688K, reserved 1048576K

Card table byte_map: [0x0000000011950000,0x0000000011d60000] byte_map_base: 0x0000000011550000

Marking Bits: (ParMarkBitMap*) 0x0000000058b6f030
 Begin Bits: [0x0000000012410000, 0x0000000014410000)
 End Bits:   [0x0000000014410000, 0x0000000016410000)

Polling page: 0x0000000000a30000

CodeCache: size=245760Kb used=5553Kb max_used=5553Kb free=240206Kb
 bounds [0x0000000002590000, 0x0000000002b00000, 0x0000000011590000]
 total_blobs=2001 nmethods=1598 adapters=316
 compilation: enabled

Compilation events (10 events):
Event: 3.990 Thread 0x00000000171bd000 1602       3       sun.misc.ProxyGenerator::code_aload (11 bytes)
Event: 3.990 Thread 0x00000000171bd000 nmethod 1602 0x0000000002afcc90 code [0x0000000002afce00, 0x0000000002afcfa8]
Event: 3.990 Thread 0x00000000171bd000 1603       1       sun.misc.ProxyGenerator::access$800 (5 bytes)
Event: 3.991 Thread 0x00000000171bd000 nmethod 1603 0x0000000002afd050 code [0x0000000002afd1a0, 0x0000000002afd290]
Event: 3.997 Thread 0x00000000171bd000 1604       3       java.util.ArrayList::toArray (60 bytes)
Event: 3.997 Thread 0x00000000171bd000 nmethod 1604 0x0000000002afd310 code [0x0000000002afd4a0, 0x0000000002afda58]
Event: 4.011 Thread 0x00000000171bd000 1605       3       org.gradle.internal.service.DefaultServiceRegistry$ManagedObjectServiceProvider::requiredBy (20 bytes)
Event: 4.011 Thread 0x00000000171bd000 nmethod 1605 0x0000000002afe010 code [0x0000000002afe1a0, 0x0000000002afe6c8]
Event: 4.011 Thread 0x00000000171bd000 1606       3       org.gradle.internal.service.DefaultServiceRegistry$ManagedObjectServiceProvider::fromSameRegistry (27 bytes)
Event: 4.011 Thread 0x00000000171bd000 nmethod 1606 0x0000000002afe810 code [0x0000000002afe980, 0x0000000002afed50]

GC Heap History (8 events):
Event: 1.231 GC heap before
{Heap before GC invocations=1 (full 0):
 PSYoungGen      total 38400K, used 33280K [0x00000000d5580000, 0x00000000d8000000, 0x0000000100000000)
  eden space 33280K, 100% used [0x00000000d5580000,0x00000000d7600000,0x00000000d7600000)
  from space 5120K, 0% used [0x00000000d7b00000,0x00000000d7b00000,0x00000000d8000000)
  to   space 5120K, 0% used [0x00000000d7600000,0x00000000d7600000,0x00000000d7b00000)
 ParOldGen       total 87552K, used 0K [0x0000000080000000, 0x0000000085580000, 0x00000000d5580000)
  object space 87552K, 0% used [0x0000000080000000,0x0000000080000000,0x0000000085580000)
 Metaspace       used 7214K, capacity 7438K, committed 7680K, reserved 1056768K
  class space    used 890K, capacity 973K, committed 1024K, reserved 1048576K
Event: 1.239 GC heap after
Heap after GC invocations=1 (full 0):
 PSYoungGen      total 38400K, used 4398K [0x00000000d5580000, 0x00000000d8000000, 0x0000000100000000)
  eden space 33280K, 0% used [0x00000000d5580000,0x00000000d5580000,0x00000000d7600000)
  from space 5120K, 85% used [0x00000000d7600000,0x00000000d7a4b9b8,0x00000000d7b00000)
  to   space 5120K, 0% used [0x00000000d7b00000,0x00000000d7b00000,0x00000000d8000000)
 ParOldGen       total 87552K, used 16K [0x0000000080000000, 0x0000000085580000, 0x00000000d5580000)
  object space 87552K, 0% used [0x0000000080000000,0x0000000080004000,0x0000000085580000)
 Metaspace       used 7214K, capacity 7438K, committed 7680K, reserved 1056768K
  class space    used 890K, capacity 973K, committed 1024K, reserved 1048576K
}
Event: 1.636 GC heap before
{Heap before GC invocations=2 (full 0):
 PSYoungGen      total 38400K, used 37678K [0x00000000d5580000, 0x00000000d8000000, 0x0000000100000000)
  eden space 33280K, 100% used [0x00000000d5580000,0x00000000d7600000,0x00000000d7600000)
  from space 5120K, 85% used [0x00000000d7600000,0x00000000d7a4b9b8,0x00000000d7b00000)
  to   space 5120K, 0% used [0x00000000d7b00000,0x00000000d7b00000,0x00000000d8000000)
 ParOldGen       total 87552K, used 16K [0x0000000080000000, 0x0000000085580000, 0x00000000d5580000)
  object space 87552K, 0% used [0x0000000080000000,0x0000000080004000,0x0000000085580000)
 Metaspace       used 7467K, capacity 7750K, committed 7936K, reserved 1056768K
  class space    used 919K, capacity 1013K, committed 1024K, reserved 1048576K
Event: 1.640 GC heap after
Heap after GC invocations=2 (full 0):
 PSYoungGen      total 38400K, used 3281K [0x00000000d5580000, 0x00000000d8000000, 0x0000000100000000)
  eden space 33280K, 0% used [0x00000000d5580000,0x00000000d5580000,0x00000000d7600000)
  from space 5120K, 64% used [0x00000000d7b00000,0x00000000d7e345f8,0x00000000d8000000)
  to   space 5120K, 0% used [0x00000000d7600000,0x00000000d7600000,0x00000000d7b00000)
 ParOldGen       total 87552K, used 24K [0x0000000080000000, 0x0000000085580000, 0x00000000d5580000)
  object space 87552K, 0% used [0x0000000080000000,0x0000000080006000,0x0000000085580000)
 Metaspace       used 7467K, capacity 7750K, committed 7936K, reserved 1056768K
  class space    used 919K, capacity 1013K, committed 1024K, reserved 1048576K
}
Event: 2.714 GC heap before
{Heap before GC invocations=3 (full 0):
 PSYoungGen      total 38400K, used 36561K [0x00000000d5580000, 0x00000000d8000000, 0x0000000100000000)
  eden space 33280K, 100% used [0x00000000d5580000,0x00000000d7600000,0x00000000d7600000)
  from space 5120K, 64% used [0x00000000d7b00000,0x00000000d7e345f8,0x00000000d8000000)
  to   space 5120K, 0% used [0x00000000d7600000,0x00000000d7600000,0x00000000d7b00000)
 ParOldGen       total 87552K, used 24K [0x0000000080000000, 0x0000000085580000, 0x00000000d5580000)
  object space 87552K, 0% used [0x0000000080000000,0x0000000080006000,0x0000000085580000)
 Metaspace       used 12226K, capacity 12588K, committed 12800K, reserved 1060864K
  class space    used 1638K, capacity 1758K, committed 1792K, reserved 1048576K
Event: 2.722 GC heap after
Heap after GC invocations=3 (full 0):
 PSYoungGen      total 38400K, used 5088K [0x00000000d5580000, 0x00000000d8000000, 0x0000000100000000)
  eden space 33280K, 0% used [0x00000000d5580000,0x00000000d5580000,0x00000000d7600000)
  from space 5120K, 99% used [0x00000000d7600000,0x00000000d7af8020,0x00000000d7b00000)
  to   space 5120K, 0% used [0x00000000d7b00000,0x00000000d7b00000,0x00000000d8000000)
 ParOldGen       total 87552K, used 1139K [0x0000000080000000, 0x0000000085580000, 0x00000000d5580000)
  object space 87552K, 1% used [0x0000000080000000,0x000000008011cf98,0x0000000085580000)
 Metaspace       used 12226K, capacity 12588K, committed 12800K, reserved 1060864K
  class space    used 1638K, capacity 1758K, committed 1792K, reserved 1048576K
}
Event: 3.319 GC heap before
{Heap before GC invocations=4 (full 0):
 PSYoungGen      total 38400K, used 38367K [0x00000000d5580000, 0x00000000d8000000, 0x0000000100000000)
  eden space 33280K, 99% used [0x00000000d5580000,0x00000000d75ffc30,0x00000000d7600000)
  from space 5120K, 99% used [0x00000000d7600000,0x00000000d7af8020,0x00000000d7b00000)
  to   space 5120K, 0% used [0x00000000d7b00000,0x00000000d7b00000,0x00000000d8000000)
 ParOldGen       total 87552K, used 1139K [0x0000000080000000, 0x0000000085580000, 0x00000000d5580000)
  object space 87552K, 1% used [0x0000000080000000,0x000000008011cf98,0x0000000085580000)
 Metaspace       used 15549K, capacity 16084K, committed 16384K, reserved 1062912K
  class space    used 2045K, capacity 2188K, committed 2304K, reserved 1048576K
Event: 3.329 GC heap after
Heap after GC invocations=4 (full 0):
 PSYoungGen      total 38400K, used 5113K [0x00000000d5580000, 0x00000000da080000, 0x0000000100000000)
  eden space 33280K, 0% used [0x00000000d5580000,0x00000000d5580000,0x00000000d7600000)
  from space 5120K, 99% used [0x00000000d7b00000,0x00000000d7ffe768,0x00000000d8000000)
  to   space 5120K, 0% used [0x00000000d7600000,0x00000000d7600000,0x00000000d7b00000)
 ParOldGen       total 87552K, used 3535K [0x0000000080000000, 0x0000000085580000, 0x00000000d5580000)
  object space 87552K, 4% used [0x0000000080000000,0x0000000080373d90,0x0000000085580000)
 Metaspace       used 15549K, capacity 16084K, committed 16384K, reserved 1062912K
  class space    used 2045K, capacity 2188K, committed 2304K, reserved 1048576K
}

Deoptimization events (10 events):
Event: 3.066 Thread 0x000000001ac91800 Uncommon trap: reason=class_check action=maybe_recompile pc=0x00000000028bc3d8 method=java.util.regex.Matcher.match(II)Z @ 86
Event: 3.067 Thread 0x000000001ac91800 Uncommon trap: reason=class_check action=maybe_recompile pc=0x000000000274bdcc method=java.util.regex.Matcher.match(II)Z @ 86
Event: 3.297 Thread 0x000000001ac91800 Uncommon trap: reason=unstable_if action=reinterpret pc=0x00000000028bab0c method=java.io.File.getName()Ljava/lang/String; @ 16
Event: 3.297 Thread 0x000000001ac91800 Uncommon trap: reason=unstable_if action=reinterpret pc=0x00000000028b995c method=java.lang.String.substring(I)Ljava/lang/String; @ 35
Event: 3.618 Thread 0x000000001ac91800 Uncommon trap: reason=unstable_if action=reinterpret pc=0x00000000028b4ef0 method=java.util.LinkedHashMap.afterNodeInsertion(Z)V @ 1
Event: 3.621 Thread 0x000000001ac91800 Uncommon trap: reason=unstable_if action=reinterpret pc=0x00000000027fcc84 method=java.util.HashMap.getNode(ILjava/lang/Object;)Ljava/util/HashMap$Node; @ 129
Event: 3.621 Thread 0x000000001ac91800 Uncommon trap: reason=bimorphic action=maybe_recompile pc=0x0000000002a25d18 method=java.util.HashMap.putVal(ILjava/lang/Object;Ljava/lang/Object;ZZ)Ljava/lang/Object; @ 203
Event: 3.626 Thread 0x000000001ac91800 Uncommon trap: reason=unstable_if action=reinterpret pc=0x00000000027ea790 method=java.util.HashMap.getNode(ILjava/lang/Object;)Ljava/util/HashMap$Node; @ 129
Event: 3.626 Thread 0x000000001ac91800 Uncommon trap: reason=bimorphic action=maybe_recompile pc=0x0000000002a25d18 method=java.util.HashMap.putVal(ILjava/lang/Object;Ljava/lang/Object;ZZ)Ljava/lang/Object; @ 203
Event: 3.626 Thread 0x000000001ac91800 Uncommon trap: reason=bimorphic action=maybe_recompile pc=0x0000000002a28b08 method=java.util.HashMap.putVal(ILjava/lang/Object;Ljava/lang/Object;ZZ)Ljava/lang/Object; @ 203

Classes redefined (0 events):
No events

Internal exceptions (10 events):
Event: 2.602 Thread 0x000000001acaf000 Exception <a 'java/lang/NoSuchMethodError': <clinit>> (0x00000000d72b01d0) thrown at [C:\src\AOSP-openjdk-git\hotspot\src\share\vm\prims\jni.cpp, line 1615]
Event: 2.604 Thread 0x000000001acaf000 Exception <a 'java/lang/NoSuchMethodError': <clinit>> (0x00000000d72c4778) thrown at [C:\src\AOSP-openjdk-git\hotspot\src\share\vm\prims\jni.cpp, line 1615]
Event: 2.619 Thread 0x000000001acaf000 Exception <a 'java/lang/NoSuchMethodError': <clinit>> (0x00000000d7331e40) thrown at [C:\src\AOSP-openjdk-git\hotspot\src\share\vm\prims\jni.cpp, line 1615]
Event: 2.628 Thread 0x000000001acaf000 Exception <a 'java/lang/NoSuchMethodError': <clinit>> (0x00000000d736c348) thrown at [C:\src\AOSP-openjdk-git\hotspot\src\share\vm\prims\jni.cpp, line 1615]
Event: 2.636 Thread 0x000000001acaf000 Exception <a 'java/lang/NoSuchMethodError': <clinit>> (0x00000000d73a1ea8) thrown at [C:\src\AOSP-openjdk-git\hotspot\src\share\vm\prims\jni.cpp, line 1615]
Event: 2.638 Thread 0x000000001acaf000 Exception <a 'java/lang/NoSuchMethodError': <clinit>> (0x00000000d73ae408) thrown at [C:\src\AOSP-openjdk-git\hotspot\src\share\vm\prims\jni.cpp, line 1615]
Event: 3.353 Thread 0x000000001ac91800 Exception <a 'java/lang/NoSuchMethodError': java.lang.Object.lambda$and$0(Ljava/util/function/Predicate;Ljava/lang/Object;)Z> (0x00000000d56763b8) thrown at [C:\src\AOSP-openjdk-git\hotspot\src\share\vm\interpreter\linkResolver.cpp, line 620]
Event: 3.367 Thread 0x000000001ac91800 Exception <a 'java/lang/IncompatibleClassChangeError': Found class java.lang.Object, but interface was expected> (0x00000000d5686968) thrown at [C:\src\AOSP-openjdk-git\hotspot\src\share\vm\interpreter\linkResolver.cpp, line 653]
Event: 3.369 Thread 0x000000001ac91800 Exception <a 'java/lang/NoSuchMethodError': java.lang.Object.lambda$or$2(Ljava/util/function/Predicate;Ljava/lang/Object;)Z> (0x00000000d568b4b8) thrown at [C:\src\AOSP-openjdk-git\hotspot\src\share\vm\interpreter\linkResolver.cpp, line 620]
Event: 3.680 Thread 0x000000001ac91800 Exception <a 'java/lang/NoSuchMethodError': java.lang.Object.lambda$static$0(Lorg/gradle/internal/state/ModelObject;)Ljava/lang/String;> (0x00000000d6e165e8) thrown at [C:\src\AOSP-openjdk-git\hotspot\src\share\vm\interpreter\linkResolver.cpp, line 620]

Events (10 events):
Event: 4.004 loading class org/gradle/plugin/use/internal/DefaultPluginId
Event: 4.004 loading class org/gradle/plugin/use/internal/DefaultPluginId done
Event: 4.005 loading class org/gradle/plugin/internal/InvalidPluginIdException
Event: 4.005 loading class org/gradle/plugin/internal/InvalidPluginIdException done
Event: 4.007 loading class java/util/DualPivotQuicksort
Event: 4.007 loading class java/util/DualPivotQuicksort done
Event: 4.009 loading class org/gradle/plugin/management/internal/SingletonPluginRequests
Event: 4.009 loading class org/gradle/plugin/management/internal/SingletonPluginRequests done
Event: 4.010 loading class org/gradle/plugin/management/internal/autoapply/DefaultAutoAppliedPluginHandler
Event: 4.010 loading class org/gradle/plugin/management/internal/autoapply/DefaultAutoAppliedPluginHandler done


Dynamic libraries:
0x00007ff637ee0000 - 0x00007ff637f11000 	C:\Program Files\Android\Android Studio\jre\bin\java.exe
0x00007ff892a30000 - 0x00007ff892c25000 	C:\WINDOWS\SYSTEM32\ntdll.dll
0x00007ff892640000 - 0x00007ff8926fd000 	C:\WINDOWS\System32\KERNEL32.DLL
0x00007ff8903b0000 - 0x00007ff890678000 	C:\WINDOWS\System32\KERNELBASE.dll
0x00007ff890fa0000 - 0x00007ff89104c000 	C:\WINDOWS\System32\ADVAPI32.dll
0x00007ff8928c0000 - 0x00007ff89295e000 	C:\WINDOWS\System32\msvcrt.dll
0x00007ff890af0000 - 0x00007ff890b8b000 	C:\WINDOWS\System32\sechost.dll
0x00007ff8911f0000 - 0x00007ff89131b000 	C:\WINDOWS\System32\RPCRT4.dll
0x00007ff891050000 - 0x00007ff8911f0000 	C:\WINDOWS\System32\USER32.dll
0x00007ff890320000 - 0x00007ff890342000 	C:\WINDOWS\System32\win32u.dll
0x00007ff891b00000 - 0x00007ff891b2a000 	C:\WINDOWS\System32\GDI32.dll
0x00007ff890830000 - 0x00007ff89093b000 	C:\WINDOWS\System32\gdi32full.dll
0x00007ff8909f0000 - 0x00007ff890a8d000 	C:\WINDOWS\System32\msvcp_win.dll
0x00007ff890220000 - 0x00007ff890320000 	C:\WINDOWS\System32\ucrtbase.dll
0x00007ff8831b0000 - 0x00007ff88344a000 	C:\WINDOWS\WinSxS\amd64_microsoft.windows.common-controls_6595b64144ccf1df_6.0.19041.844_none_ca00b6081b84eb1d\COMCTL32.dll
0x00007ff891790000 - 0x00007ff8917c0000 	C:\WINDOWS\System32\IMM32.DLL
0x00000000582c0000 - 0x0000000058392000 	C:\Program Files\Android\Android Studio\jre\jre\bin\msvcr100.dll
0x00000000583a0000 - 0x0000000058beb000 	C:\Program Files\Android\Android Studio\jre\jre\bin\server\jvm.dll
0x00007ff892700000 - 0x00007ff892708000 	C:\WINDOWS\System32\PSAPI.DLL
0x00007ff88bef0000 - 0x00007ff88bef9000 	C:\WINDOWS\SYSTEM32\WSOCK32.dll
0x00007ff883dd0000 - 0x00007ff883df7000 	C:\WINDOWS\SYSTEM32\WINMM.dll
0x00007ff892850000 - 0x00007ff8928bb000 	C:\WINDOWS\System32\WS2_32.dll
0x00007ff8839e0000 - 0x00007ff8839ea000 	C:\WINDOWS\SYSTEM32\VERSION.dll
0x00007ff88a0f0000 - 0x00007ff88a0ff000 	C:\Program Files\Android\Android Studio\jre\jre\bin\verify.dll
0x00007ff87c4e0000 - 0x00007ff87c509000 	C:\Program Files\Android\Android Studio\jre\jre\bin\java.dll
0x00007ff882ed0000 - 0x00007ff882ee6000 	C:\Program Files\Android\Android Studio\jre\jre\bin\zip.dll
0x00007ff891c00000 - 0x00007ff892342000 	C:\WINDOWS\System32\SHELL32.dll
0x00007ff88e2b0000 - 0x00007ff88ea41000 	C:\WINDOWS\SYSTEM32\windows.storage.dll
0x00007ff890b90000 - 0x00007ff890ee5000 	C:\WINDOWS\System32\combase.dll
0x00007ff88fbe0000 - 0x00007ff88fc0c000 	C:\WINDOWS\SYSTEM32\Wldp.dll
0x00007ff8919d0000 - 0x00007ff891a7e000 	C:\WINDOWS\System32\SHCORE.dll
0x00007ff890a90000 - 0x00007ff890ae5000 	C:\WINDOWS\System32\shlwapi.dll
0x00007ff8900b0000 - 0x00007ff8900cf000 	C:\WINDOWS\SYSTEM32\profapi.dll
0x00007ff8827d0000 - 0x00007ff8827ea000 	C:\Program Files\Android\Android Studio\jre\jre\bin\net.dll
0x00007ff88f950000 - 0x00007ff88f9ba000 	C:\WINDOWS\system32\mswsock.dll
0x00007ff882720000 - 0x00007ff882733000 	C:\Program Files\Android\Android Studio\jre\jre\bin\nio.dll
0x00007ff873580000 - 0x00007ff8735a7000 	C:\Users\hp\.gradle\native\f6784746aeab05261644944871eae4fe03e0ef1612fff0a4a95f87b438bc6780\windows-amd64\native-platform.dll
0x00007ff88b500000 - 0x00007ff88b50d000 	C:\Program Files\Android\Android Studio\jre\jre\bin\management.dll
0x00007ff88fb20000 - 0x00007ff88fb38000 	C:\WINDOWS\SYSTEM32\CRYPTSP.dll
0x00007ff88f280000 - 0x00007ff88f2b4000 	C:\WINDOWS\system32\rsaenh.dll
0x00007ff8901f0000 - 0x00007ff890217000 	C:\WINDOWS\System32\bcrypt.dll
0x00007ff890030000 - 0x00007ff89005e000 	C:\WINDOWS\SYSTEM32\USERENV.dll
0x00007ff890170000 - 0x00007ff8901f0000 	C:\WINDOWS\System32\bcryptprimitives.dll
0x00007ff88fb40000 - 0x00007ff88fb4c000 	C:\WINDOWS\SYSTEM32\CRYPTBASE.dll
0x00007ff88f5f0000 - 0x00007ff88f62b000 	C:\WINDOWS\SYSTEM32\IPHLPAPI.DLL
0x00007ff892710000 - 0x00007ff892718000 	C:\WINDOWS\System32\NSI.dll
0x00007ff8848f0000 - 0x00007ff884907000 	C:\WINDOWS\SYSTEM32\dhcpcsvc6.DLL
0x00007ff886d80000 - 0x00007ff886d9d000 	C:\WINDOWS\SYSTEM32\dhcpcsvc.DLL
0x00007ff88f630000 - 0x00007ff88f6fc000 	C:\WINDOWS\SYSTEM32\DNSAPI.dll
0x00007ff887b10000 - 0x00007ff887b1b000 	C:\WINDOWS\SYSTEM32\WINNSI.DLL

VM Arguments:
jvm_args: -Xmx2048m -Dfile.encoding=UTF-8 -Duser.country=US -Duser.language=en -Duser.variant 
java_command: org.gradle.launcher.daemon.bootstrap.GradleDaemon 6.5
java_class_path (initial): C:\Users\hp\.gradle\wrapper\dists\gradle-6.5-bin\6nifqtx7604sqp1q6g8wikw7p\gradle-6.5\lib\gradle-launcher-6.5.jar
Launcher Type: SUN_STANDARD

Environment Variables:
JAVA_HOME=C:\Program Files\Java\jdk-9\bin
PATH=C:\Program Files (x86)\Common Files\Oracle\Java\javapath;C:\Program Files\BellSoft\LibericaJDK-8\bin\;C:\WINDOWS\system32;C:\WINDOWS;C:\WINDOWS\System32\Wbem;C:\WINDOWS\System32\WindowsPowerShell\v1.0\;C:\WINDOWS\System32\OpenSSH\;C:\Program Files\Git\cmd;C:\Program Files\MySQL\MySQL Shell 8.0\bin\;C:\Users\hp\AppData\Local\Microsoft\WindowsApps;
USERNAME=hp
OS=Windows_NT
PROCESSOR_IDENTIFIER=Intel64 Family 6 Model 69 Stepping 1, GenuineIntel



---------------  S Y S T E M  ---------------

OS: Windows 10.0 , 64 bit Build 19041 (10.0.19041.928)

CPU:total 4 (initial active 4) (2 cores per cpu, 2 threads per core) family 6 model 69 stepping 1, cmov, cx8, fxsr, mmx, sse, sse2, sse3, ssse3, sse4.1, sse4.2, popcnt, avx, avx2, aes, clmul, erms, lzcnt, ht, tsc, tscinvbit, bmi1, bmi2

Memory: 4k page, physical 8266860k(4104156k free), swap 12330092k(7807092k free)

vm_info: OpenJDK 64-Bit Server VM (25.242-b01) for windows-amd64 JRE (1.8.0_242-release-1644-b01), built by "builder" with MS VC++ 10.0 (VS2010)

time: Fri May 21 23:25:58 2021
timezone: Pacific Daylight Time
elapsed time: 4 seconds (0d 0h 0m 4s)

