#
# A fatal error has been detected by the Java Runtime Environment:
#
#  EXCEPTION_ACCESS_VIOLATION (0xc0000005) at pc=0x000000005370b7b0, pid=11064, tid=0x0000000000002a34
#
# JRE version: OpenJDK Runtime Environment (8.0_242-b01) (build 1.8.0_242-release-1644-b01)
# Java VM: OpenJDK 64-Bit Server VM (25.242-b01 mixed mode windows-amd64 compressed oops)
# Problematic frame:
# V  [jvm.dll+0x8b7b0]
#
# Failed to write core dump. Minidumps are not enabled by default on client versions of Windows
#
# If you would like to submit a bug report, please visit:
#   
#

---------------  T H R E A D  ---------------

Current thread (0x0000000002feb800):  GCTaskThread [stack: 0x0000000012e50000,0x0000000012f50000] [id=10804]

siginfo: ExceptionCode=0xc0000005, reading address 0x000000000007c530

Registers:
RAX=0x0000000000000000, RBX=0x00000000ef47ba22, RCX=0x00000000ef47ba22, RDX=0x000000000007c528
RSP=0x0000000012f4f3b8, RBP=0x00000000124ac901, RSI=0x00000000030bba00, RDI=0x000000008391ae78
R8 =0x00000000030bba00, R9 =0x000000000000003a, R10=0x0000000000000008, R11=0x00000000f8a63718
R12=0x00000000124ac881, R13=0xfbab000000000000, R14=0x0000000000000000, R15=0x0000000002fe2380
RIP=0x000000005370b7b0, EFLAGS=0x0000000000010206

Top of Stack: (sp=0x0000000012f4f3b8)
0x0000000012f4f3b8:   0000000053a527b2 00000000ef47ba98
0x0000000012f4f3c8:   0000000000000003 00000000030bba00
0x0000000012f4f3d8:   00000000f15b2a88 00000000f8a5b728
0x0000000012f4f3e8:   0000000053a52efb 00000000030bba00
0x0000000012f4f3f8:   000000005376e3a3 0000000000000000
0x0000000012f4f408:   00000000030bba00 00000000124ac881
0x0000000012f4f418:   0000000053a52b20 00000000f8a34fe8
0x0000000012f4f428:   00000000124ac901 00000000030bba00
0x0000000012f4f438:   000000008391ae78 00000000f8a34fe8
0x0000000012f4f448:   0000000053a536c5 00000000ef439630
0x0000000012f4f458:   00000000124ac901 00000000030bba00
0x0000000012f4f468:   0000000000000002 00000000030bba00
0x0000000012f4f478:   00007ffa576a165e 000000008351574c
0x0000000012f4f488:   000000005376fcc7 00000000030bba00
0x0000000012f4f498:   000000005376e3a3 000000008391ab31
0x0000000012f4f4a8:   000000008391ab31 000000008391ac58 

Instructions: (pc=0x000000005370b7b0)
0x000000005370b790:   1c 8f 1d 00 48 8b 9c 24 c0 00 00 00 48 81 c4 b0
0x000000005370b7a0:   00 00 00 5d c3 cc cc cc cc cc cc cc cc cc cc cc
0x000000005370b7b0:   44 8b 42 08 4c 8b ca 45 85 c0 7e 0e 41 f6 c0 01
0x000000005370b7c0:   75 57 41 c1 f8 03 41 8b c0 c3 79 4d 80 3d 7e 97 


Register to memory mapping:

RAX=0x0000000000000000 is an unknown value
RBX=0x00000000ef47ba22 is an unknown value
RCX=0x00000000ef47ba22 is an unknown value
RDX=0x000000000007c528 is an unknown value
RSP=0x0000000012f4f3b8 is an unknown value
RBP=0x00000000124ac901 is an unknown value
RSI=0x00000000030bba00 is an unknown value
RDI=0x000000008391ae78 is an oop
[Ljava.lang.Object; 
 - klass: 'java/lang/Object'[]
 - length: 366
R8 =0x00000000030bba00 is an unknown value
R9 =0x000000000000003a is an unknown value
R10=0x0000000000000008 is an unknown value
R11=0x00000000f8a63718 is an unknown value
R12=0x00000000124ac881 is an unknown value
R13=0xfbab000000000000 is an unknown value
R14=0x0000000000000000 is an unknown value
R15=0x0000000002fe2380 is an unknown value


Stack: [0x0000000012e50000,0x0000000012f50000],  sp=0x0000000012f4f3b8,  free space=1020k
Native frames: (J=compiled Java code, j=interpreted, Vv=VM code, C=native code)
V  [jvm.dll+0x8b7b0]


---------------  P R O C E S S  ---------------

Java Threads: ( => current thread )
  0x000000001a7a6800 JavaThread "WorkerExecutor Queue Thread 8" [_thread_blocked, id=11340, stack(0x0000000022130000,0x0000000022230000)]
  0x000000001a7a9000 JavaThread "Cache worker for Java compile cache (C:\Users\hp\AndroidStudioProjects\ToDoApp\.gradle\6.5\javaCompile)" [_thread_blocked, id=14076, stack(0x0000000021a30000,0x0000000021b30000)]
  0x000000001a7a1800 JavaThread "Cache worker for Java compile cache (C:\Users\hp\.gradle\caches\6.5\javaCompile)" [_thread_blocked, id=15044, stack(0x000000001cf90000,0x000000001d090000)]
  0x000000001a762800 JavaThread "WorkerExecutor Queue Thread 7" [_thread_blocked, id=15092, stack(0x000000002cdd0000,0x000000002ced0000)]
  0x000000001a755800 JavaThread "WorkerExecutor Queue Thread 5" [_thread_blocked, id=15064, stack(0x000000002cbd0000,0x000000002ccd0000)]
  0x000000001a761800 JavaThread "stdout" [_thread_in_native, id=14644, stack(0x000000002de10000,0x000000002df10000)]
  0x000000001a757000 JavaThread "stderr" [_thread_in_native, id=14640, stack(0x000000002dd10000,0x000000002de10000)]
  0x000000001a75d000 JavaThread "stdout" [_thread_in_native, id=14624, stack(0x000000002dc10000,0x000000002dd10000)]
  0x000000001a75c800 JavaThread "stderr" [_thread_in_native, id=14620, stack(0x000000002db10000,0x000000002dc10000)]
  0x000000001a75a000 JavaThread "stdout" [_thread_in_native, id=14564, stack(0x000000002d910000,0x000000002da10000)]
  0x000000001a759800 JavaThread "stderr" [_thread_in_native, id=14560, stack(0x000000002d810000,0x000000002d910000)]
  0x000000001a758000 JavaThread "stdout" [_thread_in_native, id=14556, stack(0x000000002d710000,0x000000002d810000)]
  0x000000001a75e000 JavaThread "stderr" [_thread_in_native, id=14552, stack(0x000000002d4d0000,0x000000002d5d0000)]
  0x000000001a756800 JavaThread "pool-4-thread-1" [_thread_blocked, id=14392, stack(0x000000002d610000,0x000000002d710000)]
  0x000000001a754000 JavaThread "MarlinRenderer Disposer" daemon [_thread_blocked, id=4240, stack(0x000000002d3d0000,0x000000002d4d0000)]
  0x000000001a755000 JavaThread "Java2D Disposer" daemon [_thread_blocked, id=3332, stack(0x000000002d2d0000,0x000000002d3d0000)]
  0x000000001a9ff800 JavaThread "WorkerExecutor Queue" [_thread_blocked, id=12480, stack(0x000000002c8d0000,0x000000002c9d0000)]
  0x000000001a9fd000 JavaThread "Cache worker for execution history cache (C:\Users\hp\AndroidStudioProjects\ToDoApp\.gradle\6.5\executionHistory)" [_thread_blocked, id=7520, stack(0x000000002c7d0000,0x000000002c8d0000)]
  0x000000001aa01000 JavaThread "Execution worker for ':' Thread 3" [_thread_blocked, id=12172, stack(0x000000002ba30000,0x000000002bb30000)]
  0x000000001aa00000 JavaThread "Execution worker for ':' Thread 2" [_thread_blocked, id=13664, stack(0x000000002b930000,0x000000002ba30000)]
  0x000000001a9fe800 JavaThread "Execution worker for ':'" [_thread_blocked, id=12836, stack(0x000000002b830000,0x000000002b930000)]
  0x000000001a9fe000 JavaThread "Cache worker for file content cache (C:\Users\hp\AndroidStudioProjects\ToDoApp\.gradle\6.5\fileContent)" [_thread_blocked, id=7816, stack(0x000000002a030000,0x000000002a130000)]
  0x000000001a9fa000 JavaThread "pool-3-thread-1" [_thread_blocked, id=13556, stack(0x0000000029d30000,0x0000000029e30000)]
  0x000000001a9f6000 JavaThread "Cache worker for Build Output Cleanup Cache (C:\Users\hp\AndroidStudioProjects\ToDoApp\.gradle\buildOutputCleanup)" [_thread_blocked, id=13988, stack(0x0000000029c30000,0x0000000029d30000)]
  0x00000000214db800 JavaThread "Build operations Thread 4" [_thread_blocked, id=10600, stack(0x0000000021730000,0x0000000021830000)]
  0x00000000214dd000 JavaThread "Build operations Thread 3" [_thread_blocked, id=8916, stack(0x0000000021630000,0x0000000021730000)]
  0x00000000214db000 JavaThread "Build operations Thread 2" [_thread_blocked, id=13696, stack(0x0000000020430000,0x0000000020530000)]
  0x00000000214d8800 JavaThread "Build operations" [_thread_blocked, id=13768, stack(0x0000000020330000,0x0000000020430000)]
  0x00000000214dc800 JavaThread "Cache worker for cache directory md-rule (C:\Users\hp\.gradle\caches\6.5\md-rule)" [_thread_blocked, id=1864, stack(0x0000000020230000,0x0000000020330000)]
  0x00000000214de800 JavaThread "Cache worker for cache directory md-supplier (C:\Users\hp\.gradle\caches\6.5\md-supplier)" [_thread_blocked, id=8816, stack(0x0000000020130000,0x0000000020230000)]
  0x00000000214da000 JavaThread "Cache worker for checksums cache (C:\Users\hp\AndroidStudioProjects\ToDoApp\.gradle\checksums)" [_thread_blocked, id=13856, stack(0x0000000020030000,0x0000000020130000)]
  0x00000000214df800 JavaThread "Cache worker for file hash cache (C:\Users\hp\AndroidStudioProjects\ToDoApp\.gradle\6.5\fileHashes)" [_thread_blocked, id=11380, stack(0x000000001d790000,0x000000001d890000)]
  0x00000000214d2800 JavaThread "Thread-126" [_thread_blocked, id=12108, stack(0x000000001d490000,0x000000001d590000)]
  0x00000000214d7000 JavaThread "Asynchronous log dispatcher for DefaultDaemonConnection: socket connection from /127.0.0.1:61229 to /127.0.0.1:61445" [_thread_blocked, id=12044, stack(0x000000001cb50000,0x000000001cc50000)]
  0x00000000214d6800 JavaThread "Daemon worker Thread 2" [_thread_blocked, id=8956, stack(0x000000001ca50000,0x000000001cb50000)]
  0x00000000214d5800 JavaThread "Cancel handler" [_thread_blocked, id=11652, stack(0x0000000001430000,0x0000000001530000)]
  0x00000000214d4000 JavaThread "Handler for socket connection from /127.0.0.1:61229 to /127.0.0.1:61445" [_thread_in_native, id=10100, stack(0x0000000001330000,0x0000000001430000)]
  0x00000000214d3800 JavaThread "Daemon Thread 2" [_thread_blocked, id=7304, stack(0x0000000001230000,0x0000000001330000)]
  0x00000000214d5000 JavaThread "Memory manager" [_thread_blocked, id=14060, stack(0x000000002b330000,0x000000002b430000)]
  0x000000001a7a0800 JavaThread "Cache worker for file content cache (C:\Users\hp\.gradle\caches\6.5\fileContent)" [_thread_blocked, id=13644, stack(0x0000000023330000,0x0000000023430000)]
  0x000000001a79d800 JavaThread "Cache worker for execution history cache (C:\Users\hp\.gradle\caches\6.5\executionHistory)" [_thread_blocked, id=11712, stack(0x0000000023490000,0x0000000023590000)]
  0x000000001b8da800 JavaThread "Cache worker for file hash cache (C:\Users\hp\.gradle\caches\6.5\fileHashes)" [_thread_blocked, id=6928, stack(0x0000000021530000,0x0000000021630000)]
  0x000000001b8da000 JavaThread "File lock request listener" [_thread_in_native, id=3100, stack(0x000000001eb60000,0x000000001ec60000)]
  0x000000001bf21800 JavaThread "Cache worker for journal cache (C:\Users\hp\.gradle\caches\journal-1)" [_thread_blocked, id=4824, stack(0x000000001da90000,0x000000001db90000)]
  0x000000001b6a2000 JavaThread "Daemon periodic checks" [_thread_blocked, id=11688, stack(0x000000001ce90000,0x000000001cf90000)]
  0x000000001b6a0000 JavaThread "Incoming local TCP Connector on port 61229" [_thread_in_native, id=12420, stack(0x000000001cc50000,0x000000001cd50000)]
  0x0000000019747800 JavaThread "Daemon health stats" [_thread_blocked, id=8448, stack(0x000000001c610000,0x000000001c710000)]
  0x0000000017d4e000 JavaThread "Service Thread" daemon [_thread_blocked, id=9568, stack(0x0000000019a70000,0x0000000019b70000)]
  0x0000000017d08800 JavaThread "C1 CompilerThread2" daemon [_thread_blocked, id=9624, stack(0x0000000019570000,0x0000000019670000)]
  0x0000000017d03800 JavaThread "C2 CompilerThread1" daemon [_thread_blocked, id=8808, stack(0x0000000019470000,0x0000000019570000)]
  0x0000000017cf6800 JavaThread "C2 CompilerThread0" daemon [_thread_blocked, id=6276, stack(0x0000000019370000,0x0000000019470000)]
  0x0000000017cf5000 JavaThread "Attach Listener" daemon [_thread_blocked, id=5972, stack(0x0000000019270000,0x0000000019370000)]
  0x0000000017cf1800 JavaThread "Signal Dispatcher" daemon [_thread_blocked, id=12556, stack(0x0000000019170000,0x0000000019270000)]
  0x00000000030cc000 JavaThread "Finalizer" daemon [_thread_blocked, id=8236, stack(0x0000000018f70000,0x0000000019070000)]
  0x0000000017cd9000 JavaThread "Reference Handler" daemon [_thread_blocked, id=9636, stack(0x0000000018e70000,0x0000000018f70000)]
  0x0000000002e7e000 JavaThread "main" [_thread_blocked, id=13316, stack(0x0000000002ed0000,0x0000000002fd0000)]

Other Threads:
  0x0000000017cb6000 VMThread [stack: 0x0000000018d70000,0x0000000018e70000] [id=11804]
  0x0000000017d36000 WatcherThread [stack: 0x0000000019b70000,0x0000000019c70000] [id=10972]

=>0x0000000002feb800 (exited) GCTaskThread [stack: 0x0000000012e50000,0x0000000012f50000] [id=10804]

VM state:at safepoint (normal execution)

VM Mutex/Monitor currently owned by a thread:  ([mutex/lock_event])
[0x0000000002e7d060] Threads_lock - owner thread: 0x0000000017cb6000
[0x0000000002e7cce0] Heap_lock - owner thread: 0x00000000214dd000

heap address: 0x0000000080000000, size: 2048 MB, Compressed Oops mode: 32-bit
Narrow klass base: 0x0000000000000000, Narrow klass shift: 3
Compressed class space size: 1073741824 Address: 0x0000000100000000

Heap:
 PSYoungGen      total 472576K, used 464893K [0x00000000d5580000, 0x00000000fc480000, 0x0000000100000000)
  eden space 409088K, 100% used [0x00000000d5580000,0x00000000ee500000,0x00000000ee500000)
  from space 63488K, 87% used [0x00000000ee500000,0x00000000f1b7f630,0x00000000f2300000)
  to   space 71168K, 82% used [0x00000000f7f00000,0x00000000fb83b718,0x00000000fc480000)
 ParOldGen       total 258048K, used 66606K [0x0000000080000000, 0x000000008fc00000, 0x00000000d5580000)
  object space 258048K, 25% used [0x0000000080000000,0x000000008410bbf8,0x000000008fc00000)
 Metaspace       used 112982K, capacity 118786K, committed 118988K, reserved 1153024K
  class space    used 14722K, capacity 15861K, committed 15872K, reserved 1048576K

Card table byte_map: [0x0000000012490000,0x00000000128a0000] byte_map_base: 0x0000000012090000

Marking Bits: (ParMarkBitMap*) 0x0000000053e4f030
 Begin Bits: [0x0000000012f50000, 0x0000000014f50000)
 End Bits:   [0x0000000014f50000, 0x0000000016f50000)

Polling page: 0x0000000001590000

CodeCache: size=245760Kb used=58675Kb max_used=58895Kb free=187084Kb
 bounds [0x00000000030d0000, 0x0000000006ae0000, 0x00000000120d0000]
 total_blobs=17486 nmethods=16428 adapters=967
 compilation: enabled

Compilation events (10 events):
Event: 1845.359 Thread 0x0000000017d08800 19889 %     3       com.android.tools.r8.ir.conversion.o::a @ 135 (375 bytes)
Event: 1845.363 Thread 0x0000000017d08800 nmethod 19889% 0x0000000005cd2150 code [0x0000000005cd26a0, 0x0000000005cd5cd8]
Event: 1845.370 Thread 0x0000000017d08800 19890       2       com.android.tools.r8.ir.optimize.l::a (113 bytes)
Event: 1845.371 Thread 0x0000000017d08800 nmethod 19890 0x0000000004f77750 code [0x0000000004f77940, 0x0000000004f77dc8]
Event: 1845.398 Thread 0x0000000017d03800 nmethod 19822 0x0000000005db39d0 code [0x0000000005db3de0, 0x0000000005db6638]
Event: 1845.398 Thread 0x0000000017d03800 19878       4       com.android.tools.r8.s.b.X::a (159 bytes)
Event: 1845.406 Thread 0x0000000017d08800 19891       2       com.android.tools.r8.s.b.i0::a (4 bytes)
Event: 1845.406 Thread 0x0000000017d08800 nmethod 19891 0x0000000005e52a10 code [0x0000000005e52b60, 0x0000000005e52cb0]
Event: 1845.408 Thread 0x0000000017d03800 nmethod 19878 0x00000000035a7e50 code [0x00000000035a7fe0, 0x00000000035a84a8]
Event: 1845.408 Thread 0x0000000017d03800 19665 %     4       com.android.tools.r8.ir.optimize.a0::a @ 13 (425 bytes)

GC Heap History (10 events):
Event: 1687.457 GC heap after
Heap after GC invocations=17 (full 4):
 PSYoungGen      total 340992K, used 0K [0x00000000d5580000, 0x00000000f1080000, 0x0000000100000000)
  eden space 295424K, 0% used [0x00000000d5580000,0x00000000d5580000,0x00000000e7600000)
  from space 45568K, 0% used [0x00000000e7600000,0x00000000e7600000,0x00000000ea280000)
  to   space 49664K, 0% used [0x00000000ee000000,0x00000000ee000000,0x00000000f1080000)
 ParOldGen       total 258048K, used 58227K [0x0000000080000000, 0x000000008fc00000, 0x00000000d5580000)
  object space 258048K, 22% used [0x0000000080000000,0x00000000838dce78,0x000000008fc00000)
 Metaspace       used 93748K, capacity 97962K, committed 98380K, reserved 1134592K
  class space    used 12269K, capacity 13156K, committed 13184K, reserved 1048576K
}
Event: 1815.491 GC heap before
{Heap before GC invocations=18 (full 4):
 PSYoungGen      total 340992K, used 295424K [0x00000000d5580000, 0x00000000f1080000, 0x0000000100000000)
  eden space 295424K, 100% used [0x00000000d5580000,0x00000000e7600000,0x00000000e7600000)
  from space 45568K, 0% used [0x00000000e7600000,0x00000000e7600000,0x00000000ea280000)
  to   space 49664K, 0% used [0x00000000ee000000,0x00000000ee000000,0x00000000f1080000)
 ParOldGen       total 258048K, used 58227K [0x0000000080000000, 0x000000008fc00000, 0x00000000d5580000)
  object space 258048K, 22% used [0x0000000080000000,0x00000000838dce78,0x000000008fc00000)
 Metaspace       used 98265K, capacity 102702K, committed 102860K, reserved 1138688K
  class space    used 12821K, capacity 13770K, committed 13824K, reserved 1048576K
Event: 1815.527 GC heap after
Heap after GC invocations=18 (full 4):
 PSYoungGen      total 401920K, used 12112K [0x00000000d5580000, 0x00000000f0e00000, 0x0000000100000000)
  eden space 354816K, 0% used [0x00000000d5580000,0x00000000d5580000,0x00000000eb000000)
  from space 47104K, 25% used [0x00000000ee000000,0x00000000eebd4338,0x00000000f0e00000)
  to   space 48128K, 0% used [0x00000000eb000000,0x00000000eb000000,0x00000000edf00000)
 ParOldGen       total 258048K, used 58235K [0x0000000080000000, 0x000000008fc00000, 0x00000000d5580000)
  object space 258048K, 22% used [0x0000000080000000,0x00000000838dee78,0x000000008fc00000)
 Metaspace       used 98265K, capacity 102702K, committed 102860K, reserved 1138688K
  class space    used 12821K, capacity 13770K, committed 13824K, reserved 1048576K
}
Event: 1832.702 GC heap before
{Heap before GC invocations=19 (full 4):
 PSYoungGen      total 401920K, used 366928K [0x00000000d5580000, 0x00000000f0e00000, 0x0000000100000000)
  eden space 354816K, 100% used [0x00000000d5580000,0x00000000eb000000,0x00000000eb000000)
  from space 47104K, 25% used [0x00000000ee000000,0x00000000eebd4338,0x00000000f0e00000)
  to   space 48128K, 0% used [0x00000000eb000000,0x00000000eb000000,0x00000000edf00000)
 ParOldGen       total 258048K, used 58235K [0x0000000080000000, 0x000000008fc00000, 0x00000000d5580000)
  object space 258048K, 22% used [0x0000000080000000,0x00000000838dee78,0x000000008fc00000)
 Metaspace       used 111022K, capacity 116644K, committed 116684K, reserved 1150976K
  class space    used 14493K, capacity 15612K, committed 15616K, reserved 1048576K
Event: 1832.785 GC heap after
Heap after GC invocations=19 (full 4):
 PSYoungGen      total 402944K, used 37533K [0x00000000d5580000, 0x00000000f5600000, 0x0000000100000000)
  eden space 354816K, 0% used [0x00000000d5580000,0x00000000d5580000,0x00000000eb000000)
  from space 48128K, 77% used [0x00000000eb000000,0x00000000ed4a7408,0x00000000edf00000)
  to   space 52224K, 0% used [0x00000000f2300000,0x00000000f2300000,0x00000000f5600000)
 ParOldGen       total 258048K, used 58243K [0x0000000080000000, 0x000000008fc00000, 0x00000000d5580000)
  object space 258048K, 22% used [0x0000000080000000,0x00000000838e0e78,0x000000008fc00000)
 Metaspace       used 111022K, capacity 116644K, committed 116684K, reserved 1150976K
  class space    used 14493K, capacity 15612K, committed 15616K, reserved 1048576K
}
Event: 1837.600 GC heap before
{Heap before GC invocations=20 (full 4):
 PSYoungGen      total 402944K, used 392349K [0x00000000d5580000, 0x00000000f5600000, 0x0000000100000000)
  eden space 354816K, 100% used [0x00000000d5580000,0x00000000eb000000,0x00000000eb000000)
  from space 48128K, 77% used [0x00000000eb000000,0x00000000ed4a7408,0x00000000edf00000)
  to   space 52224K, 0% used [0x00000000f2300000,0x00000000f2300000,0x00000000f5600000)
 ParOldGen       total 258048K, used 58243K [0x0000000080000000, 0x000000008fc00000, 0x00000000d5580000)
  object space 258048K, 22% used [0x0000000080000000,0x00000000838e0e78,0x000000008fc00000)
 Metaspace       used 112708K, capacity 118512K, committed 118732K, reserved 1153024K
  class space    used 14702K, capacity 15848K, committed 15872K, reserved 1048576K
Event: 1837.846 GC heap after
Heap after GC invocations=20 (full 4):
 PSYoungGen      total 461312K, used 52196K [0x00000000d5580000, 0x00000000f9700000, 0x0000000100000000)
  eden space 409088K, 0% used [0x00000000d5580000,0x00000000d5580000,0x00000000ee500000)
  from space 52224K, 99% used [0x00000000f2300000,0x00000000f55f91f0,0x00000000f5600000)
  to   space 63488K, 0% used [0x00000000ee500000,0x00000000ee500000,0x00000000f2300000)
 ParOldGen       total 258048K, used 66598K [0x0000000080000000, 0x000000008fc00000, 0x00000000d5580000)
  object space 258048K, 25% used [0x0000000080000000,0x0000000084109bf8,0x000000008fc00000)
 Metaspace       used 112708K, capacity 118512K, committed 118732K, reserved 1153024K
  class space    used 14702K, capacity 15848K, committed 15872K, reserved 1048576K
}
Event: 1842.691 GC heap before
{Heap before GC invocations=21 (full 4):
 PSYoungGen      total 461312K, used 461284K [0x00000000d5580000, 0x00000000f9700000, 0x0000000100000000)
  eden space 409088K, 100% used [0x00000000d5580000,0x00000000ee500000,0x00000000ee500000)
  from space 52224K, 99% used [0x00000000f2300000,0x00000000f55f91f0,0x00000000f5600000)
  to   space 63488K, 0% used [0x00000000ee500000,0x00000000ee500000,0x00000000f2300000)
 ParOldGen       total 258048K, used 66598K [0x0000000080000000, 0x000000008fc00000, 0x00000000d5580000)
  object space 258048K, 25% used [0x0000000080000000,0x0000000084109bf8,0x000000008fc00000)
 Metaspace       used 112911K, capacity 118694K, committed 118732K, reserved 1153024K
  class space    used 14714K, capacity 15859K, committed 15872K, reserved 1048576K
Event: 1842.798 GC heap after
Heap after GC invocations=21 (full 4):
 PSYoungGen      total 472576K, used 55805K [0x00000000d5580000, 0x00000000fc480000, 0x0000000100000000)
  eden space 409088K, 0% used [0x00000000d5580000,0x00000000d5580000,0x00000000ee500000)
  from space 63488K, 87% used [0x00000000ee500000,0x00000000f1b7f630,0x00000000f2300000)
  to   space 71168K, 0% used [0x00000000f7f00000,0x00000000f7f00000,0x00000000fc480000)
 ParOldGen       total 258048K, used 66598K [0x0000000080000000, 0x000000008fc00000, 0x00000000d5580000)
  object space 258048K, 25% used [0x0000000080000000,0x0000000084109bf8,0x000000008fc00000)
 Metaspace       used 112911K, capacity 118694K, committed 118732K, reserved 1153024K
  class space    used 14714K, capacity 15859K, committed 15872K, reserved 1048576K
}
Event: 1845.434 GC heap before
{Heap before GC invocations=22 (full 4):
 PSYoungGen      total 472576K, used 464893K [0x00000000d5580000, 0x00000000fc480000, 0x0000000100000000)
  eden space 409088K, 100% used [0x00000000d5580000,0x00000000ee500000,0x00000000ee500000)
  from space 63488K, 87% used [0x00000000ee500000,0x00000000f1b7f630,0x00000000f2300000)
  to   space 71168K, 0% used [0x00000000f7f00000,0x00000000f7f00000,0x00000000fc480000)
 ParOldGen       total 258048K, used 66598K [0x0000000080000000, 0x000000008fc00000, 0x00000000d5580000)
  object space 258048K, 25% used [0x0000000080000000,0x0000000084109bf8,0x000000008fc00000)
 Metaspace       used 112982K, capacity 118786K, committed 118988K, reserved 1153024K
  class space    used 14722K, capacity 15861K, committed 15872K, reserved 1048576K

Deoptimization events (10 events):
Event: 1843.159 Thread 0x00000000214d8800 Uncommon trap: reason=array_check action=maybe_recompile pc=0x0000000006767504 method=java.util.TimSort.reverseRange([Ljava/lang/Object;II)V @ 20
Event: 1843.171 Thread 0x00000000214db000 Uncommon trap: reason=null_check action=make_not_entrant pc=0x0000000006a14e24 method=com.android.tools.r8.s.b.t.b(Lcom/android/tools/r8/s/b/W0;)Lcom/android/tools/r8/s/b/W0; @ 11
Event: 1843.358 Thread 0x00000000214d8800 Uncommon trap: reason=class_check action=maybe_recompile pc=0x000000000691733c method=com.android.tools.r8.s.a.h.e.b(Lcom/android/tools/r8/s/b/k0;)V @ 379
Event: 1844.345 Thread 0x00000000214d8800 Uncommon trap: reason=unstable_if action=reinterpret pc=0x00000000057aa5f8 method=java.util.concurrent.ConcurrentHashMap.computeIfAbsent(Ljava/lang/Object;Ljava/util/function/Function;)Ljava/lang/Object; @ 281
Event: 1844.404 Thread 0x00000000214db000 Uncommon trap: reason=unstable_if action=reinterpret pc=0x0000000006a9aa88 method=com.android.tools.r8.ir.conversion.o.b(Lcom/android/tools/r8/p/n/A;)Z @ 25
Event: 1844.559 Thread 0x00000000214d8800 Uncommon trap: reason=unstable_if action=reinterpret pc=0x0000000006852ac8 method=com.android.tools.r8.ir.regalloc.a.a(Lcom/android/tools/r8/ir/regalloc/a$a;Z)Lcom/android/tools/r8/ir/regalloc/a$a; @ 2085
Event: 1844.568 Thread 0x00000000214d8800 Uncommon trap: reason=unstable_if action=reinterpret pc=0x00000000067679b4 method=java.util.TimSort.countRunAndMakeAscending([Ljava/lang/Object;IILjava/util/Comparator;)I @ 27
Event: 1845.188 Thread 0x00000000214dd000 Uncommon trap: reason=bimorphic action=maybe_recompile pc=0x0000000006abfda4 method=com.android.tools.r8.s.c.g0.e.a(Ljava/lang/Iterable;)Ljava/util/Set; @ 16
Event: 1845.235 Thread 0x00000000214dd000 Uncommon trap: reason=bimorphic action=maybe_recompile pc=0x0000000006abfda4 method=com.android.tools.r8.s.c.g0.e.a(Ljava/lang/Iterable;)Ljava/util/Set; @ 16
Event: 1845.243 Thread 0x00000000214db000 Uncommon trap: reason=class_check action=maybe_recompile pc=0x00000000067cdfac method=com.android.tools.r8.t.a.a.a.f.e.putAll(Ljava/util/Map;)V @ 3

Classes redefined (0 events):
No events

Internal exceptions (10 events):
Event: 1828.793 Thread 0x000000001a762800 Exception <a 'sun/nio/fs/WindowsException'> (0x00000000e5913718) thrown at [C:\src\AOSP-openjdk-git\hotspot\src\share\vm\prims\jni.cpp, line 710]
Event: 1828.793 Thread 0x000000001a762800 Exception <a 'sun/nio/fs/WindowsException'> (0x00000000e5914520) thrown at [C:\src\AOSP-openjdk-git\hotspot\src\share\vm\prims\jni.cpp, line 710]
Event: 1828.793 Thread 0x000000001a762800 Exception <a 'sun/nio/fs/WindowsException'> (0x00000000e5914a40) thrown at [C:\src\AOSP-openjdk-git\hotspot\src\share\vm\prims\jni.cpp, line 710]
Event: 1828.793 Thread 0x000000001a762800 Exception <a 'sun/nio/fs/WindowsException'> (0x00000000e5915838) thrown at [C:\src\AOSP-openjdk-git\hotspot\src\share\vm\prims\jni.cpp, line 710]
Event: 1828.903 Thread 0x000000001a762800 Exception <a 'sun/nio/fs/WindowsException'> (0x00000000e59a6218) thrown at [C:\src\AOSP-openjdk-git\hotspot\src\share\vm\prims\jni.cpp, line 710]
Event: 1832.550 Thread 0x00000000214d8800 Exception <a 'sun/nio/fs/WindowsException'> (0x00000000ea3af850) thrown at [C:\src\AOSP-openjdk-git\hotspot\src\share\vm\prims\jni.cpp, line 710]
Event: 1832.644 Thread 0x00000000214dd000 Exception <a 'sun/nio/fs/WindowsException'> (0x00000000ead40f98) thrown at [C:\src\AOSP-openjdk-git\hotspot\src\share\vm\prims\jni.cpp, line 710]
Event: 1833.137 Thread 0x00000000214d8800 Implicit null exception at 0x0000000005e3c277 to 0x0000000005e3c4cd
Event: 1833.233 Thread 0x00000000214db000 Exception <a 'sun/nio/fs/WindowsException'> (0x00000000d8a63dd8) thrown at [C:\src\AOSP-openjdk-git\hotspot\src\share\vm\prims\jni.cpp, line 710]
Event: 1843.171 Thread 0x00000000214db000 Implicit null exception at 0x0000000006a0ffa0 to 0x0000000006a14e01

Events (10 events):
Event: 1845.276 Thread 0x00000000214d8800 DEOPT UNPACKING pc=0x00000000031175d0 sp=0x000000002042a1c8 mode 0
Event: 1845.324 Thread 0x00000000214db000 DEOPT PACKING pc=0x0000000006693c1e sp=0x0000000020529b20
Event: 1845.324 Thread 0x00000000214db000 DEOPT UNPACKING pc=0x00000000031175d0 sp=0x0000000020529880 mode 0
Event: 1845.337 Thread 0x00000000214db000 DEOPT PACKING pc=0x0000000004b9ab6c sp=0x00000000205296b0
Event: 1845.337 Thread 0x00000000214db000 DEOPT UNPACKING pc=0x00000000031175d0 sp=0x0000000020529490 mode 0
Event: 1845.366 Thread 0x00000000214d8800 DEOPT PACKING pc=0x0000000006414728 sp=0x0000000020429d30
Event: 1845.366 Thread 0x00000000214d8800 DEOPT UNPACKING pc=0x00000000031175d0 sp=0x0000000020429c38 mode 0
Event: 1845.432 Thread 0x00000000214dd000 DEOPT PACKING pc=0x0000000005ec947e sp=0x0000000021729d20
Event: 1845.432 Thread 0x00000000214dd000 DEOPT UNPACKING pc=0x00000000031175d0 sp=0x0000000021729e98 mode 0
Event: 1845.433 Executing VM operation: ParallelGCFailedAllocation


Dynamic libraries:
0x00007ff7e2a70000 - 0x00007ff7e2aa1000 	C:\Program Files\Android\Android Studio\jre\bin\java.exe
0x00007ffa59cd0000 - 0x00007ffa59ec5000 	C:\WINDOWS\SYSTEM32\ntdll.dll
0x00007ffa58370000 - 0x00007ffa5842d000 	C:\WINDOWS\System32\KERNEL32.DLL
0x00007ffa57680000 - 0x00007ffa57948000 	C:\WINDOWS\System32\KERNELBASE.dll
0x00007ffa58b10000 - 0x00007ffa58bbc000 	C:\WINDOWS\System32\ADVAPI32.dll
0x00007ffa57d90000 - 0x00007ffa57e2e000 	C:\WINDOWS\System32\msvcrt.dll
0x00007ffa58ec0000 - 0x00007ffa58f5b000 	C:\WINDOWS\System32\sechost.dll
0x00007ffa58430000 - 0x00007ffa5855b000 	C:\WINDOWS\System32\RPCRT4.dll
0x00007ffa58f60000 - 0x00007ffa59100000 	C:\WINDOWS\System32\USER32.dll
0x00007ffa57410000 - 0x00007ffa57432000 	C:\WINDOWS\System32\win32u.dll
0x00007ffa59100000 - 0x00007ffa5912a000 	C:\WINDOWS\System32\GDI32.dll
0x00007ffa57950000 - 0x00007ffa57a5b000 	C:\WINDOWS\System32\gdi32full.dll
0x00007ffa57c10000 - 0x00007ffa57cad000 	C:\WINDOWS\System32\msvcp_win.dll
0x00007ffa57ab0000 - 0x00007ffa57bb0000 	C:\WINDOWS\System32\ucrtbase.dll
0x00007ffa46bb0000 - 0x00007ffa46e4a000 	C:\WINDOWS\WinSxS\amd64_microsoft.windows.common-controls_6595b64144ccf1df_6.0.19041.844_none_ca00b6081b84eb1d\COMCTL32.dll
0x00007ffa58d00000 - 0x00007ffa58d30000 	C:\WINDOWS\System32\IMM32.DLL
0x00000000535a0000 - 0x0000000053672000 	C:\Program Files\Android\Android Studio\jre\jre\bin\msvcr100.dll
0x0000000053680000 - 0x0000000053ecb000 	C:\Program Files\Android\Android Studio\jre\jre\bin\server\jvm.dll
0x00007ffa58c30000 - 0x00007ffa58c38000 	C:\WINDOWS\System32\PSAPI.DLL
0x00007ffa53150000 - 0x00007ffa53159000 	C:\WINDOWS\SYSTEM32\WSOCK32.dll
0x00007ffa47000000 - 0x00007ffa4700a000 	C:\WINDOWS\SYSTEM32\VERSION.dll
0x00007ffa442c0000 - 0x00007ffa442e7000 	C:\WINDOWS\SYSTEM32\WINMM.dll
0x00007ffa58bc0000 - 0x00007ffa58c2b000 	C:\WINDOWS\System32\WS2_32.dll
0x00007ffa530d0000 - 0x00007ffa530df000 	C:\Program Files\Android\Android Studio\jre\jre\bin\verify.dll
0x00007ffa3c030000 - 0x00007ffa3c059000 	C:\Program Files\Android\Android Studio\jre\jre\bin\java.dll
0x00007ffa40010000 - 0x00007ffa40026000 	C:\Program Files\Android\Android Studio\jre\jre\bin\zip.dll
0x00007ffa594e0000 - 0x00007ffa59c22000 	C:\WINDOWS\System32\SHELL32.dll
0x00007ffa55550000 - 0x00007ffa55ce1000 	C:\WINDOWS\SYSTEM32\windows.storage.dll
0x00007ffa585d0000 - 0x00007ffa58925000 	C:\WINDOWS\System32\combase.dll
0x00007ffa56e80000 - 0x00007ffa56eac000 	C:\WINDOWS\SYSTEM32\Wldp.dll
0x00007ffa58e10000 - 0x00007ffa58ebe000 	C:\WINDOWS\System32\SHCORE.dll
0x00007ffa59c30000 - 0x00007ffa59c85000 	C:\WINDOWS\System32\shlwapi.dll
0x00007ffa57350000 - 0x00007ffa5736f000 	C:\WINDOWS\SYSTEM32\profapi.dll
0x00007ffa3ccd0000 - 0x00007ffa3ccea000 	C:\Program Files\Android\Android Studio\jre\jre\bin\net.dll
0x00007ffa56bf0000 - 0x00007ffa56c5a000 	C:\WINDOWS\system32\mswsock.dll
0x00007ffa3a9d0000 - 0x00007ffa3a9e3000 	C:\Program Files\Android\Android Studio\jre\jre\bin\nio.dll
0x00007ffa316c0000 - 0x00007ffa316e7000 	C:\Users\hp\.gradle\native\f6784746aeab05261644944871eae4fe03e0ef1612fff0a4a95f87b438bc6780\windows-amd64\native-platform.dll
0x00007ffa530c0000 - 0x00007ffa530cd000 	C:\Program Files\Android\Android Studio\jre\jre\bin\management.dll
0x00007ffa56dc0000 - 0x00007ffa56dd8000 	C:\WINDOWS\SYSTEM32\CRYPTSP.dll
0x00007ffa56520000 - 0x00007ffa56554000 	C:\WINDOWS\system32\rsaenh.dll
0x00007ffa574f0000 - 0x00007ffa57517000 	C:\WINDOWS\System32\bcrypt.dll
0x00007ffa57310000 - 0x00007ffa5733e000 	C:\WINDOWS\SYSTEM32\USERENV.dll
0x00007ffa57cb0000 - 0x00007ffa57d30000 	C:\WINDOWS\System32\bcryptprimitives.dll
0x00007ffa56de0000 - 0x00007ffa56dec000 	C:\WINDOWS\SYSTEM32\CRYPTBASE.dll
0x00007ffa56890000 - 0x00007ffa568cb000 	C:\WINDOWS\SYSTEM32\IPHLPAPI.DLL
0x00007ffa58c40000 - 0x00007ffa58c48000 	C:\WINDOWS\System32\NSI.dll
0x00007ffa4ab70000 - 0x00007ffa4ab87000 	C:\WINDOWS\SYSTEM32\dhcpcsvc6.DLL
0x00007ffa4ac20000 - 0x00007ffa4ac3d000 	C:\WINDOWS\SYSTEM32\dhcpcsvc.DLL
0x00007ffa56920000 - 0x00007ffa569ec000 	C:\WINDOWS\SYSTEM32\DNSAPI.dll
0x00007ffa4acb0000 - 0x00007ffa4acbb000 	C:\WINDOWS\SYSTEM32\WINNSI.DLL
0x00007ffa2ef40000 - 0x00007ffa2ef64000 	C:\Program Files\Android\Android Studio\jre\jre\bin\sunec.dll
0x00007ffa47dc0000 - 0x00007ffa47dca000 	C:\Windows\System32\rasadhlp.dll
0x00007ffa47e60000 - 0x00007ffa47edf000 	C:\WINDOWS\System32\fwpuclnt.dll
0x00007ffa514d0000 - 0x00007ffa514db000 	C:\Program Files\Android\Android Studio\jre\jre\bin\sunmscapi.dll
0x00007ffa57520000 - 0x00007ffa5767f000 	C:\WINDOWS\System32\CRYPT32.dll
0x00007ffa0b730000 - 0x00007ffa0b8cc000 	C:\Program Files\Android\Android Studio\jre\jre\bin\awt.dll
0x00007ffa582a0000 - 0x00007ffa5836d000 	C:\WINDOWS\System32\OLEAUT32.dll
0x00007ffa552b0000 - 0x00007ffa552df000 	C:\WINDOWS\SYSTEM32\dwmapi.dll
0x00007ffa53ca0000 - 0x00007ffa54260000 	C:\WINDOWS\SYSTEM32\d2d1.dll
0x00007ffa55120000 - 0x00007ffa551b0000 	C:\WINDOWS\SYSTEM32\apphelp.dll
0x00007ffa551d0000 - 0x00007ffa5526e000 	C:\WINDOWS\system32\uxtheme.dll
0x00007ffa45ec0000 - 0x00007ffa460a4000 	C:\WINDOWS\SYSTEM32\dbghelp.dll

VM Arguments:
jvm_args: -Xmx2048m -Dfile.encoding=UTF-8 -Duser.country=US -Duser.language=en -Duser.variant 
java_command: org.gradle.launcher.daemon.bootstrap.GradleDaemon 6.5
java_class_path (initial): C:\Users\hp\.gradle\wrapper\dists\gradle-6.5-bin\6nifqtx7604sqp1q6g8wikw7p\gradle-6.5\lib\gradle-launcher-6.5.jar
Launcher Type: SUN_STANDARD

Environment Variables:
JAVA_HOME=C:\Program Files\Java\jdk-9\bin
PATH=C:\Program Files (x86)\Common Files\Oracle\Java\javapath;C:\Program Files\BellSoft\LibericaJDK-8\bin\;C:\WINDOWS\system32;C:\WINDOWS;C:\WINDOWS\System32\Wbem;C:\WINDOWS\System32\WindowsPowerShell\v1.0\;C:\WINDOWS\System32\OpenSSH\;C:\Program Files\Git\cmd;C:\Program Files\MySQL\MySQL Shell 8.0\bin\;C:\Users\hp\AppData\Local\Microsoft\WindowsApps;
USERNAME=hp
OS=Windows_NT
PROCESSOR_IDENTIFIER=Intel64 Family 6 Model 69 Stepping 1, GenuineIntel



---------------  S Y S T E M  ---------------

OS: Windows 10.0 , 64 bit Build 19041 (10.0.19041.928)

CPU:total 4 (initial active 4) (2 cores per cpu, 2 threads per core) family 6 model 69 stepping 1, cmov, cx8, fxsr, mmx, sse, sse2, sse3, ssse3, sse4.1, sse4.2, popcnt, avx, avx2, aes, clmul, erms, lzcnt, ht, tsc, tscinvbit, bmi1, bmi2

Memory: 4k page, physical 8266860k(260228k free), swap 14464996k(1888388k free)

vm_info: OpenJDK 64-Bit Server VM (25.242-b01) for windows-amd64 JRE (1.8.0_242-release-1644-b01), built by "builder" with MS VC++ 10.0 (VS2010)

time: Fri May 21 22:54:25 2021
timezone: Pacific Daylight Time
elapsed time: 1845 seconds (0d 0h 30m 45s)

